<?xml version="1.0" encoding="UTF-8"?>
<!-- Generated by org.testng.reporters.JUnitReportReporter -->
<testsuite skipped="0" hostname="Lenovo-PC" name="Assignment2.Assignment2" tests="1" failures="0" timestamp="05 Jul 2019 05:40:59 GMT" time="5.911" errors="0">
  <testcase name="ClickonMobile" time="5.911" classname="Assignment2.Assignment2"/>
</testsuite> <!-- Assignment2.Assignment2 -->
