<?xml version="1.0" encoding="UTF-8"?>
<!-- Generated by org.testng.reporters.JUnitReportReporter -->
<testsuite skipped="0" hostname="Lenovo-PC" name="Assignment5.Assignment5" tests="1" failures="0" timestamp="05 Jul 2019 13:43:13 GMT" time="17.399" errors="0">
  <testcase name="accountRegistration" time="17.399" classname="Assignment5.Assignment5"/>
</testsuite> <!-- Assignment5.Assignment5 -->
