<?xml version="1.0" encoding="UTF-8"?>
<!-- Generated by org.testng.reporters.JUnitReportReporter -->
<testsuite skipped="0" hostname="Lenovo-PC" name="Assignment4.Assignment4" tests="1" failures="0" timestamp="05 Jul 2019 07:25:47 GMT" time="12.828" errors="0">
  <testcase name="compare" time="12.828" classname="Assignment4.Assignment4"/>
</testsuite> <!-- Assignment4.Assignment4 -->
