<?xml version="1.0" encoding="UTF-8"?>
<!-- Generated by org.testng.reporters.JUnitReportReporter -->
<testsuite skipped="0" hostname="Lenovo-PC" name="Assignment8.Assignment8" tests="1" failures="0" timestamp="06 Jul 2019 14:35:07 GMT" time="10.623" errors="0">
  <testcase name="discountCoupon" time="10.623" classname="Assignment8.Assignment8"/>
</testsuite> <!-- Assignment8.Assignment8 -->
