<?xml version="1.0" encoding="UTF-8"?>
<!-- Generated by org.testng.reporters.JUnitReportReporter -->
<testsuite skipped="0" hostname="Lenovo-PC" name="Assignment7.Assignment7" tests="1" failures="0" timestamp="06 Jul 2019 14:03:43 GMT" time="26.073" errors="0">
  <testcase name="reorder" time="26.073" classname="Assignment7.Assignment7"/>
</testsuite> <!-- Assignment7.Assignment7 -->
